0 info it worked if it ends with ok
1 verbose cli [ 'c:\\Program Files\\nodejs\\node.exe',
1 verbose cli   'c:\\Program Files\\nodejs\\node_modules\\npm\\bin\\npm-cli.js',
1 verbose cli   'start' ]
2 info using npm@3.3.6
3 info using node@v5.0.0
4 verbose run-script [ 'prestart', 'start', 'poststart' ]
5 info lifecycle socket.io-chat@0.0.0~prestart: socket.io-chat@0.0.0
6 silly lifecycle socket.io-chat@0.0.0~prestart: no script for prestart, continuing
7 info lifecycle socket.io-chat@0.0.0~start: socket.io-chat@0.0.0
8 verbose lifecycle socket.io-chat@0.0.0~start: unsafe-perm in lifecycle true
9 verbose lifecycle socket.io-chat@0.0.0~start: PATH: c:\Program Files\nodejs\node_modules\npm\bin\node-gyp-bin;e:\Work\1PF\Azure\websocket-chat\server\node_modules\.bin;c:\Users\Lukas\bin;.;C:\Program Files (x86)\Git\local\bin;C:\Program Files (x86)\Git\mingw\bin;C:\Program Files (x86)\Git\bin;c:\ProgramData\Oracle\Java\javapath;c:\WINDOWS\system32;c:\WINDOWS;c:\WINDOWS\System32\Wbem;c:\WINDOWS\System32\WindowsPowerShell\v1.0\;c:\Program Files\TortoiseSVN\bin;c:\Program Files\MySQL\MySQL Server 5.6\bin;c:\Program Files\Microsoft\Web Platform Installer\;c:\Program Files (x86)\Microsoft ASP.NET\ASP.NET Web Pages\v1.0\;c:\Program Files\Microsoft SQL Server\110\Tools\Binn\;c:\Program Files\Microsoft SQL Server\110\DTS\Binn\;c:\Program Files (x86)\Microsoft SQL Server\110\Tools\Binn\;c:\Program Files (x86)\Microsoft SQL Server\110\Tools\Binn\ManagementStudio\;c:\Program Files (x86)\Microsoft Visual Studio 10.0\Common7\IDE\PrivateAssemblies\;c:\Program Files (x86)\Microsoft SQL Server\110\DTS\Binn\;c:\Program Files (x86)\Microsoft SQL Server\100\Tools\Binn\;c:\Program Files\Microsoft SQL Server\100\Tools\Binn\;c:\Program Files\Microsoft SQL Server\100\DTS\Binn\;c:\OpenSSL-Win64\bin\;c:\Program Files\Amazon\AWSCLI\;e:\Programy\Microsoft\VisualStudio2012\Common7\IDE\PrivateAssemblies\;c:\Program Files (x86)\Windows Kits\8.1\Windows Performance Toolkit\;e:\Programy\Eclipse\adt-bundle-windows-x86_64-20140702\sdk\platform-tools;c:\Windows\Microsoft.NET\Framework\v4.0.30319;c:\Program Files (x86)\OpenVPN\bin;c:\Program Files\nodejs\;c:\Users\Lukas\AppData\Local\Programs\Python\Python35\Scripts\;c:\Users\Lukas\AppData\Local\Programs\Python\Python35\;c:\Program Files (x86)\CVSNT\;e:\Programy\Microsoft VS Code\bin;c:\Users\Lukas\AppData\Roaming\npm;c:\Users\Lukas\AppData\Local\Microsoft\WindowsApps
10 verbose lifecycle socket.io-chat@0.0.0~start: CWD: e:\Work\1PF\Azure\websocket-chat\server
11 silly lifecycle socket.io-chat@0.0.0~start: Args: [ '/d /s /c', 'node index.js' ]
12 silly lifecycle socket.io-chat@0.0.0~start: Returned: code: 1  signal: null
13 info lifecycle socket.io-chat@0.0.0~start: Failed to exec start script
14 verbose stack Error: socket.io-chat@0.0.0 start: `node index.js`
14 verbose stack Exit status 1
14 verbose stack     at EventEmitter.<anonymous> (c:\Program Files\nodejs\node_modules\npm\lib\utils\lifecycle.js:233:16)
14 verbose stack     at emitTwo (events.js:87:13)
14 verbose stack     at EventEmitter.emit (events.js:172:7)
14 verbose stack     at ChildProcess.<anonymous> (c:\Program Files\nodejs\node_modules\npm\lib\utils\spawn.js:24:14)
14 verbose stack     at emitTwo (events.js:87:13)
14 verbose stack     at ChildProcess.emit (events.js:172:7)
14 verbose stack     at maybeClose (internal/child_process.js:818:16)
14 verbose stack     at Process.ChildProcess._handle.onexit (internal/child_process.js:211:5)
15 verbose pkgid socket.io-chat@0.0.0
16 verbose cwd e:\Work\1PF\Azure\websocket-chat\server
17 error Windows_NT 10.0.14393
18 error argv "c:\\Program Files\\nodejs\\node.exe" "c:\\Program Files\\nodejs\\node_modules\\npm\\bin\\npm-cli.js" "start"
19 error node v5.0.0
20 error npm  v3.3.6
21 error code ELIFECYCLE
22 error socket.io-chat@0.0.0 start: `node index.js`
22 error Exit status 1
23 error Failed at the socket.io-chat@0.0.0 start script 'node index.js'.
23 error This is most likely a problem with the socket.io-chat package,
23 error not with npm itself.
23 error Tell the author that this fails on your system:
23 error     node index.js
23 error You can get their info via:
23 error     npm owner ls socket.io-chat
23 error There is likely additional logging output above.
24 verbose exit [ 1, true ]
